20:57:20.106 [main] INFO  - 

>>>>>>Logging on 2021/04/16 20:57:20<<<<<<

20:57:20.106 [main] INFO  - >>>>>>Testcase ::: 1
20:57:20.106 [main] INFO  - >>>>>>Before Scenario<<<<<<
20:57:21.224 [main] INFO  - Driver Initiation
20:57:23.533 [main] INFO  - Loading google.com
20:57:23.548 [main] INFO  - Title ::: Google
20:57:25.730 [main] INFO  - >>>>>>After Scenario<<<<<<
20:57:26.087 [main] INFO  - Driver Quit
20:57:26.087 [main] INFO  - >>>>>>Testcase ::: 2
20:57:26.087 [main] INFO  - >>>>>>Before Scenario<<<<<<
20:57:26.902 [main] INFO  - Driver Initiation
20:57:28.997 [main] INFO  - Loading google.com
20:57:29.011 [main] INFO  - Title ::: Google
20:57:31.497 [main] INFO  - >>>>>>After Scenario<<<<<<
20:57:31.593 [main] INFO  - Driver Quit
20:57:31.593 [main] INFO  - >>>>>>Testcase ::: 3
20:57:31.593 [main] INFO  - >>>>>>Before Scenario<<<<<<
20:57:32.388 [main] INFO  - Driver Initiation
20:57:34.431 [main] INFO  - Loading google.com
20:57:34.444 [main] INFO  - Title ::: Google
20:57:36.877 [main] INFO  - >>>>>>After Scenario<<<<<<
20:57:36.981 [main] INFO  - Driver Quit
20:58:36.771 [main] INFO  - 

>>>>>>Logging on 2021/04/16 20:58:36<<<<<<

20:58:36.771 [main] INFO  - >>>>>>Testcase ::: 1
20:58:36.771 [main] INFO  - >>>>>>Before Scenario<<<<<<
20:58:37.910 [main] INFO  - Driver Initiation
20:58:40.041 [main] INFO  - Loading google.com
20:58:40.049 [main] INFO  - Title ::: Google
20:58:41.799 [main] INFO  - >>>>>>After Scenario<<<<<<
20:58:41.902 [main] INFO  - Driver Quit
20:58:41.902 [main] INFO  - >>>>>>Testcase ::: 2
20:58:41.902 [main] INFO  - >>>>>>Before Scenario<<<<<<
20:58:42.695 [main] INFO  - Driver Initiation
20:58:44.811 [main] INFO  - Loading google.com
20:58:44.827 [main] INFO  - Title ::: Google
20:58:47.029 [main] INFO  - >>>>>>After Scenario<<<<<<
20:58:47.129 [main] INFO  - Driver Quit
20:58:47.129 [main] INFO  - >>>>>>Testcase ::: 3
20:58:47.129 [main] INFO  - >>>>>>Before Scenario<<<<<<
20:58:47.928 [main] INFO  - Driver Initiation
20:58:49.970 [main] INFO  - Loading google.com
20:58:49.983 [main] INFO  - Title ::: Google
20:58:52.416 [main] INFO  - >>>>>>After Scenario<<<<<<
20:58:52.515 [main] INFO  - Driver Quit
21:04:21.237 [main] INFO  - 

>>>>>>Logging on 2021/04/16 21:04:21<<<<<<

21:04:21.253 [main] INFO  - >>>>>>Testcase ::: 1
21:04:21.253 [main] INFO  - >>>>>>Before Scenario<<<<<<
21:04:22.466 [main] INFO  - Driver Initiation
21:04:25.638 [main] INFO  - Loading google.com
21:04:25.640 [main] INFO  - Title ::: Google
21:04:29.356 [main] INFO  - Search Text ::: Selenium
21:04:29.356 [main] INFO  - >>>>>>After Scenario<<<<<<
21:04:29.603 [main] INFO  - Driver Quit
21:04:29.603 [main] INFO  - >>>>>>Testcase ::: 2
21:04:29.603 [main] INFO  - >>>>>>Before Scenario<<<<<<
21:04:30.416 [main] INFO  - Driver Initiation
21:04:33.071 [main] INFO  - Loading google.com
21:04:33.086 [main] INFO  - Title ::: Google
21:04:36.800 [main] INFO  - Search Text ::: Python
21:04:36.801 [main] INFO  - >>>>>>After Scenario<<<<<<
21:04:37.285 [main] INFO  - Driver Quit
21:04:37.285 [main] INFO  - >>>>>>Testcase ::: 3
21:04:37.285 [main] INFO  - >>>>>>Before Scenario<<<<<<
21:04:38.030 [main] INFO  - Driver Initiation
21:04:40.819 [main] INFO  - Loading google.com
21:04:40.833 [main] INFO  - Title ::: Google
21:04:45.306 [main] INFO  - Search Text ::: Java
21:04:45.307 [main] INFO  - >>>>>>After Scenario<<<<<<
21:04:45.404 [main] INFO  - Driver Quit
21:26:32.836 [main] INFO  - 

>>>>>>Logging on 2021/04/16 21:26:32<<<<<<

21:26:32.852 [main] INFO  - >>>>>>Testcase ::: 1
21:26:32.852 [main] INFO  - >>>>>>Before Scenario<<<<<<
21:26:33.977 [main] INFO  - Driver Initiation
21:26:33.987 [main] INFO  - >>>>>>After Scenario<<<<<<
21:26:34.076 [main] INFO  - Driver Quit
21:26:34.076 [main] INFO  - >>>>>>Testcase ::: 2
21:26:34.076 [main] INFO  - >>>>>>Before Scenario<<<<<<
21:26:34.913 [main] INFO  - Driver Initiation
21:26:34.915 [main] INFO  - >>>>>>After Scenario<<<<<<
21:26:34.999 [main] INFO  - Driver Quit
21:26:34.999 [main] INFO  - >>>>>>Testcase ::: 3
21:26:34.999 [main] INFO  - >>>>>>Before Scenario<<<<<<
21:26:35.813 [main] INFO  - Driver Initiation
21:26:35.815 [main] INFO  - >>>>>>After Scenario<<<<<<
21:26:35.894 [main] INFO  - Driver Quit
21:54:00.096 [main] INFO  - 

>>>>>>Logging on 2021/04/16 21:54:00<<<<<<

21:54:00.096 [main] INFO  - >>>>>>Testcase ::: 1
21:54:00.096 [main] INFO  - >>>>>>Before Scenario<<<<<<
21:54:02.692 [main] INFO  - Driver Initiation
21:54:04.848 [main] INFO  - Loading google.com
21:54:04.863 [main] INFO  - Title ::: Google
21:54:05.015 [main] INFO  - >>>>>>After Scenario<<<<<<
21:54:05.614 [main] INFO  - Driver Quit
21:54:05.626 [main] INFO  - >>>>>>Testcase ::: 2
21:54:05.626 [main] INFO  - >>>>>>Before Scenario<<<<<<
21:54:06.423 [main] INFO  - Driver Initiation
21:54:07.139 [main] INFO  - Loading google.com
21:54:07.152 [main] INFO  - Title ::: Google
21:54:07.274 [main] INFO  - >>>>>>After Scenario<<<<<<
21:54:07.364 [main] INFO  - Driver Quit
21:54:07.370 [main] INFO  - >>>>>>Testcase ::: 3
21:54:07.370 [main] INFO  - >>>>>>Before Scenario<<<<<<
21:54:08.173 [main] INFO  - Driver Initiation
21:54:08.759 [main] INFO  - Loading google.com
21:54:08.769 [main] INFO  - Title ::: Google
21:54:08.886 [main] INFO  - >>>>>>After Scenario<<<<<<
21:54:08.977 [main] INFO  - Driver Quit
21:56:27.905 [main] INFO  - 

>>>>>>Logging on 2021/04/16 21:56:27<<<<<<

21:56:27.905 [main] INFO  - >>>>>>Testcase ::: 1
21:56:27.905 [main] INFO  - >>>>>>Before Scenario<<<<<<
21:56:30.424 [main] INFO  - Driver Initiation
21:56:32.984 [main] INFO  - Loading google.com
21:56:32.999 [main] INFO  - Title ::: Google
22:05:29.839 [main] INFO  - 

>>>>>>Logging on 2021/04/16 22:05:29<<<<<<

22:05:29.842 [main] INFO  - >>>>>>Testcase ::: 1
22:05:29.842 [main] INFO  - >>>>>>Before Scenario<<<<<<
22:05:30.649 [main] INFO  - Driver Initiation
22:05:33.833 [main] INFO  - Loading google.com
22:05:33.846 [main] INFO  - Title ::: Google
22:05:37.079 [main] INFO  - Search Text ::: Selenium
22:05:37.080 [main] INFO  - >>>>>>After Scenario<<<<<<
22:05:37.173 [main] INFO  - Driver Quit
22:05:37.944 [main] INFO  - >>>>>>Testcase ::: 2
22:05:37.944 [main] INFO  - >>>>>>Before Scenario<<<<<<
22:05:38.755 [main] INFO  - Driver Initiation
22:05:41.211 [main] INFO  - Loading google.com
22:05:41.225 [main] INFO  - Title ::: Google
22:05:44.450 [main] INFO  - Search Text ::: Python
22:05:44.451 [main] INFO  - >>>>>>After Scenario<<<<<<
22:05:44.548 [main] INFO  - Driver Quit
22:05:45.345 [main] INFO  - >>>>>>Testcase ::: 3
22:05:45.345 [main] INFO  - >>>>>>Before Scenario<<<<<<
22:05:46.156 [main] INFO  - Driver Initiation
22:05:48.555 [main] INFO  - Loading google.com
22:05:48.568 [main] INFO  - Title ::: Google
22:05:51.943 [main] INFO  - Search Text ::: Java
22:05:51.943 [main] INFO  - >>>>>>After Scenario<<<<<<
22:05:52.053 [main] INFO  - Driver Quit
22:08:27.629 [main] INFO  - Driver Initiation
22:08:27.634 [main] INFO  - 

>>>>>>Logging on 2021/04/16 22:08:27<<<<<<

22:08:27.634 [main] INFO  - >>>>>>Testcase ::: 1
22:08:27.634 [main] INFO  - >>>>>>Before Scenario<<<<<<
22:08:29.629 [main] INFO  - Loading google.com
22:08:29.643 [main] INFO  - Title ::: Google
22:08:33.205 [main] INFO  - Search Text ::: Selenium
22:08:33.205 [main] INFO  - >>>>>>After Scenario<<<<<<
22:08:33.298 [main] INFO  - Driver Quit
22:08:34.016 [main] INFO  - Driver Initiation
22:08:34.016 [main] INFO  - >>>>>>Testcase ::: 2
22:08:34.016 [main] INFO  - >>>>>>Before Scenario<<<<<<
22:08:36.374 [main] INFO  - Loading google.com
22:08:36.388 [main] INFO  - Title ::: Google
22:08:40.066 [main] INFO  - Search Text ::: Python
22:08:40.066 [main] INFO  - >>>>>>After Scenario<<<<<<
22:08:40.166 [main] INFO  - Driver Quit
22:08:40.948 [main] INFO  - Driver Initiation
22:08:40.948 [main] INFO  - >>>>>>Testcase ::: 3
22:08:40.948 [main] INFO  - >>>>>>Before Scenario<<<<<<
22:08:43.549 [main] INFO  - Loading google.com
22:08:43.563 [main] INFO  - Title ::: Google
22:08:47.340 [main] INFO  - Search Text ::: Java
22:08:47.341 [main] INFO  - >>>>>>After Scenario<<<<<<
22:08:47.437 [main] INFO  - Driver Quit
22:19:35.743 [main] INFO  - 

>>>>>>Logging on 2021/04/16 22:19:35<<<<<<

22:19:35.743 [main] INFO  - >>>>>>Testcase ::: 1
22:19:35.743 [main] INFO  - >>>>>>Before Scenario<<<<<<
22:19:36.865 [main] INFO  - Driver Initiation
22:19:39.818 [main] INFO  - Loading google.com
22:19:39.833 [main] INFO  - Title ::: Google
22:19:39.963 [main] INFO  - >>>>>>After Scenario<<<<<<
22:19:40.068 [main] INFO  - Driver Quit
22:19:40.096 [main] INFO  - >>>>>>Testcase ::: 2
22:19:40.096 [main] INFO  - >>>>>>Before Scenario<<<<<<
22:19:40.105 [main] INFO  - >>>>>>After Scenario<<<<<<
22:19:40.105 [main] INFO  - Driver Quit
22:19:40.120 [main] INFO  - >>>>>>Testcase ::: 3
22:19:40.120 [main] INFO  - >>>>>>Before Scenario<<<<<<
22:19:40.122 [main] INFO  - >>>>>>After Scenario<<<<<<
22:19:40.122 [main] INFO  - Driver Quit
22:24:33.816 [main] INFO  - 

>>>>>>Logging on 2021/04/16 22:24:33<<<<<<

22:24:33.816 [main] INFO  - >>>>>>Testcase ::: 1
22:24:33.832 [main] INFO  - >>>>>>Before Scenario<<<<<<
22:24:34.886 [main] INFO  - Driver Initiation
22:24:35.627 [main] INFO  - Driver Initiation
22:24:38.321 [main] INFO  - Loading google.com
22:24:38.336 [main] INFO  - Title ::: Google
22:24:42.527 [main] INFO  - Search Text ::: Selenium
22:24:42.528 [main] INFO  - >>>>>>After Scenario<<<<<<
22:24:43.298 [main] INFO  - Driver Initiation
22:24:44.027 [main] INFO  - >>>>>>Testcase ::: 2
22:24:44.027 [main] INFO  - >>>>>>Before Scenario<<<<<<
22:24:44.835 [main] INFO  - Driver Initiation
22:24:45.622 [main] INFO  - Driver Initiation
22:24:48.042 [main] INFO  - Loading google.com
22:24:48.056 [main] INFO  - Title ::: Google
22:24:52.537 [main] INFO  - Search Text ::: Python
22:24:52.538 [main] INFO  - >>>>>>After Scenario<<<<<<
22:24:52.541 [main] INFO  - >>>>>>Testcase ::: 3
22:24:52.541 [main] INFO  - >>>>>>Before Scenario<<<<<<
22:24:53.321 [main] INFO  - Driver Initiation
22:24:54.140 [main] INFO  - Driver Initiation
22:24:56.819 [main] INFO  - Loading google.com
22:24:56.834 [main] INFO  - Title ::: Google
22:25:00.692 [main] INFO  - Search Text ::: Java
22:25:00.692 [main] INFO  - >>>>>>After Scenario<<<<<<
22:25:55.898 [main] INFO  - 

>>>>>>Logging on 2021/04/16 22:25:55<<<<<<

22:25:55.898 [main] INFO  - >>>>>>Testcase ::: 1
22:25:55.898 [main] INFO  - >>>>>>Before Scenario<<<<<<
22:25:56.985 [main] INFO  - Driver Initiation
22:25:57.680 [main] INFO  - Driver Initiation
22:26:00.043 [main] INFO  - Loading google.com
22:26:00.056 [main] INFO  - Title ::: Google
22:26:03.186 [main] INFO  - Search Text ::: Selenium
22:26:03.282 [main] INFO  - >>>>>>After Scenario<<<<<<
22:26:04.073 [main] INFO  - Driver Initiation
22:26:04.800 [main] INFO  - >>>>>>Testcase ::: 2
22:26:04.800 [main] INFO  - >>>>>>Before Scenario<<<<<<
22:26:05.549 [main] INFO  - Driver Initiation
22:26:06.303 [main] INFO  - Driver Initiation
22:26:09.022 [main] INFO  - Loading google.com
22:26:09.038 [main] INFO  - Title ::: Google
22:26:12.079 [main] INFO  - Search Text ::: Python
22:26:12.195 [main] INFO  - >>>>>>After Scenario<<<<<<
22:26:12.198 [main] INFO  - >>>>>>Testcase ::: 3
22:26:12.198 [main] INFO  - >>>>>>Before Scenario<<<<<<
22:26:12.950 [main] INFO  - Driver Initiation
22:26:13.739 [main] INFO  - Driver Initiation
22:26:16.484 [main] INFO  - Loading google.com
22:26:16.496 [main] INFO  - Title ::: Google
22:26:20.334 [main] INFO  - Search Text ::: Java
22:26:20.432 [main] INFO  - >>>>>>After Scenario<<<<<<
22:30:53.695 [main] INFO  - 

>>>>>>Logging on 2021/04/16 22:30:53<<<<<<

22:30:53.695 [main] INFO  - >>>>>>Testcase ::: 1
22:30:53.695 [main] INFO  - >>>>>>Before Scenario<<<<<<
22:30:54.636 [main] INFO  - Driver Initiation
22:30:55.234 [main] INFO  - Driver Initiation
22:30:58.351 [main] INFO  - Loading google.com
22:30:58.366 [main] INFO  - Title ::: Google
22:31:01.970 [main] INFO  - Search Text ::: Selenium
22:31:02.068 [main] INFO  - >>>>>>After Scenario<<<<<<
22:31:02.635 [main] INFO  - Driver Initiation
22:31:03.391 [main] INFO  - >>>>>>Testcase ::: 2
22:31:03.391 [main] INFO  - >>>>>>Before Scenario<<<<<<
22:31:04.051 [main] INFO  - Driver Initiation
22:31:04.664 [main] INFO  - Driver Initiation
22:31:07.300 [main] INFO  - Loading google.com
22:31:07.314 [main] INFO  - Title ::: Google
22:31:10.568 [main] INFO  - Search Text ::: Python
22:31:10.665 [main] INFO  - >>>>>>After Scenario<<<<<<
22:31:10.669 [main] INFO  - >>>>>>Testcase ::: 3
22:31:10.669 [main] INFO  - >>>>>>Before Scenario<<<<<<
22:31:11.299 [main] INFO  - Driver Initiation
22:31:11.956 [main] INFO  - Driver Initiation
22:31:14.594 [main] INFO  - Loading google.com
22:31:14.608 [main] INFO  - Title ::: Google
22:31:35.562 [main] INFO  - 

>>>>>>Logging on 2021/04/16 22:31:35<<<<<<

22:31:35.562 [main] INFO  - >>>>>>Testcase ::: 1
22:31:35.562 [main] INFO  - >>>>>>Before Scenario<<<<<<
22:31:36.500 [main] INFO  - Driver Initiation
22:31:37.155 [main] INFO  - Driver Initiation
22:31:39.791 [main] INFO  - Loading google.com
22:31:39.805 [main] INFO  - Title ::: Google
22:31:44.215 [main] INFO  - Search Text ::: Selenium
22:31:44.310 [main] INFO  - >>>>>>After Scenario<<<<<<
22:31:44.960 [main] INFO  - Driver Initiation
22:31:45.610 [main] INFO  - >>>>>>Testcase ::: 2
22:31:45.610 [main] INFO  - >>>>>>Before Scenario<<<<<<
22:31:46.261 [main] INFO  - Driver Initiation
22:31:46.860 [main] INFO  - Driver Initiation
22:33:29.941 [main] INFO  - 

>>>>>>Logging on 2021/04/16 22:33:29<<<<<<

22:33:29.941 [main] INFO  - >>>>>>Testcase ::: 1
22:33:29.941 [main] INFO  - >>>>>>Before Scenario<<<<<<
22:33:30.905 [main] INFO  - Driver Initiation
22:33:33.499 [main] INFO  - Loading google.com
22:33:33.515 [main] INFO  - Title ::: Google
22:33:36.674 [main] INFO  - Search Text ::: Selenium
22:33:36.790 [main] INFO  - >>>>>>After Scenario<<<<<<
22:33:36.790 [main] INFO  - >>>>>>Testcase ::: 2
22:33:36.790 [main] INFO  - >>>>>>Before Scenario<<<<<<
22:33:37.401 [main] INFO  - Driver Initiation
22:33:39.601 [main] INFO  - Loading google.com
22:33:39.606 [main] INFO  - Title ::: Google
22:33:42.324 [main] INFO  - Search Text ::: Python
22:33:42.424 [main] INFO  - >>>>>>After Scenario<<<<<<
22:33:42.424 [main] INFO  - >>>>>>Testcase ::: 3
22:33:42.424 [main] INFO  - >>>>>>Before Scenario<<<<<<
22:33:43.019 [main] INFO  - Driver Initiation
22:33:45.183 [main] INFO  - Loading google.com
22:33:45.183 [main] INFO  - Title ::: Google
22:33:48.079 [main] INFO  - Search Text ::: Java
22:33:48.171 [main] INFO  - >>>>>>After Scenario<<<<<<
22:34:40.527 [main] INFO  - 

>>>>>>Logging on 2021/04/16 22:34:40<<<<<<

22:34:40.543 [main] INFO  - >>>>>>Testcase ::: 1
22:34:40.543 [main] INFO  - >>>>>>Before Scenario<<<<<<
22:34:41.616 [main] INFO  - Driver Initiation
22:34:43.865 [main] INFO  - Loading google.com
22:34:43.878 [main] INFO  - Title ::: Google
22:34:46.770 [main] INFO  - Search Text ::: Selenium
22:34:46.881 [main] INFO  - >>>>>>After Scenario<<<<<<
22:34:46.881 [main] INFO  - >>>>>>Testcase ::: 2
22:34:46.881 [main] INFO  - >>>>>>Before Scenario<<<<<<
22:34:47.662 [main] INFO  - Driver Initiation
22:34:49.705 [main] INFO  - Loading google.com
22:34:49.720 [main] INFO  - Title ::: Google
22:34:52.900 [main] INFO  - Search Text ::: Python
22:34:53.000 [main] INFO  - >>>>>>After Scenario<<<<<<
22:34:53.000 [main] INFO  - >>>>>>Testcase ::: 3
22:34:53.000 [main] INFO  - >>>>>>Before Scenario<<<<<<
22:34:53.715 [main] INFO  - Driver Initiation
22:34:55.793 [main] INFO  - Loading google.com
22:34:55.805 [main] INFO  - Title ::: Google
22:34:59.077 [main] INFO  - Search Text ::: Java
22:34:59.169 [main] INFO  - >>>>>>After Scenario<<<<<<
22:44:28.056 [main] INFO  - 

>>>>>>Logging on 2021/04/16 22:44:28<<<<<<

22:44:28.056 [main] INFO  - >>>>>>Testcase ::: 1
22:44:28.056 [main] INFO  - >>>>>>Before Scenario<<<<<<
22:44:29.158 [main] INFO  - Driver Initiation
22:44:31.409 [main] INFO  - Loading google.com
22:44:31.418 [main] INFO  - Title ::: Google
22:44:33.859 [main] INFO  - Search Text ::: Selenium
22:44:33.952 [main] INFO  - >>>>>>After Scenario<<<<<<
22:44:33.952 [main] INFO  - >>>>>>Testcase ::: 2
22:44:33.952 [main] INFO  - >>>>>>Before Scenario<<<<<<
22:44:34.736 [main] INFO  - Driver Initiation
22:44:36.780 [main] INFO  - Loading google.com
22:44:36.789 [main] INFO  - Title ::: Google
22:44:40.213 [main] INFO  - Search Text ::: Python
22:44:40.327 [main] INFO  - >>>>>>After Scenario<<<<<<
22:44:40.327 [main] INFO  - >>>>>>Testcase ::: 3
22:44:40.327 [main] INFO  - >>>>>>Before Scenario<<<<<<
22:44:41.143 [main] INFO  - Driver Initiation
22:44:45.126 [main] INFO  - Loading google.com
22:44:45.134 [main] INFO  - Title ::: Google
22:44:47.767 [main] INFO  - Search Text ::: Java
22:44:47.875 [main] INFO  - >>>>>>After Scenario<<<<<<
22:44:47.875 [main] INFO  - >>>>>>Testcase ::: 4
22:44:47.875 [main] INFO  - >>>>>>Before Scenario<<<<<<
22:44:48.638 [main] INFO  - Driver Initiation
22:44:50.707 [main] INFO  - Loading bing.com
22:44:50.718 [main] INFO  - Title ::: Bing
22:45:00.931 [main] INFO  - >>>>>>After Scenario<<<<<<
22:45:00.939 [main] INFO  - >>>>>>Testcase ::: 5
22:45:00.940 [main] INFO  - >>>>>>Before Scenario<<<<<<
22:45:01.743 [main] INFO  - Driver Initiation
22:48:36.538 [main] INFO  - 

>>>>>>Logging on 2021/04/16 22:48:36<<<<<<

22:48:36.538 [main] INFO  - >>>>>>Testcase ::: 1
22:48:36.538 [main] INFO  - >>>>>>Before Scenario<<<<<<
22:48:37.614 [main] INFO  - Driver Initiation
22:48:38.900 [main] INFO  - Loading bing.com
22:48:38.911 [main] INFO  - Title ::: Bing
22:48:44.361 [main] INFO  - >>>>>>After Scenario<<<<<<
22:48:44.380 [main] INFO  - >>>>>>Testcase ::: 2
22:48:44.380 [main] INFO  - >>>>>>Before Scenario<<<<<<
22:48:45.165 [main] INFO  - Driver Initiation
22:48:46.402 [main] INFO  - Loading bing.com
22:48:46.431 [main] INFO  - >>>>>>After Scenario<<<<<<
22:48:46.438 [main] INFO  - >>>>>>Testcase ::: 3
22:48:46.438 [main] INFO  - >>>>>>Before Scenario<<<<<<
22:48:47.239 [main] INFO  - Driver Initiation
22:48:48.087 [main] INFO  - >>>>>>After Scenario<<<<<<
22:52:00.461 [main] INFO  - 

>>>>>>Logging on 2021/04/16 22:52:00<<<<<<

22:52:00.461 [main] INFO  - >>>>>>Testcase ::: 1
22:52:00.461 [main] INFO  - >>>>>>Before Scenario<<<<<<
22:52:01.523 [main] INFO  - Driver Initiation
22:52:03.160 [main] INFO  - Loading bing.com
22:52:03.170 [main] INFO  - Title ::: Bing
22:52:05.652 [main] INFO  - Search Text ::: Selenium
22:52:05.773 [main] INFO  - >>>>>>After Scenario<<<<<<
22:52:05.773 [main] INFO  - >>>>>>Testcase ::: 2
22:52:05.773 [main] INFO  - >>>>>>Before Scenario<<<<<<
22:52:06.583 [main] INFO  - Driver Initiation
22:52:08.224 [main] INFO  - Loading bing.com
22:52:08.236 [main] INFO  - Title ::: Bing
22:52:10.161 [main] INFO  - Search Text ::: Python
22:52:10.265 [main] INFO  - >>>>>>After Scenario<<<<<<
22:52:10.268 [main] INFO  - >>>>>>Testcase ::: 3
22:52:10.268 [main] INFO  - >>>>>>Before Scenario<<<<<<
22:52:11.103 [main] INFO  - Driver Initiation
22:52:12.854 [main] INFO  - Loading bing.com
22:52:12.864 [main] INFO  - Title ::: Bing
22:52:14.393 [main] INFO  - Search Text ::: Java
22:52:14.511 [main] INFO  - >>>>>>After Scenario<<<<<<
22:53:03.736 [main] INFO  - 

>>>>>>Logging on 2021/04/16 22:53:03<<<<<<

22:53:03.736 [main] INFO  - >>>>>>Testcase ::: 1
22:53:03.736 [main] INFO  - >>>>>>Before Scenario<<<<<<
22:53:04.807 [main] INFO  - Driver Initiation
22:53:07.068 [main] INFO  - Loading google.com
22:53:07.077 [main] INFO  - Title ::: Google
22:53:10.245 [main] INFO  - Search Text ::: Selenium
22:53:10.346 [main] INFO  - >>>>>>After Scenario<<<<<<
22:53:10.346 [main] INFO  - >>>>>>Testcase ::: 2
22:53:10.346 [main] INFO  - >>>>>>Before Scenario<<<<<<
22:53:11.129 [main] INFO  - Driver Initiation
22:53:13.296 [main] INFO  - Loading google.com
22:53:13.305 [main] INFO  - Title ::: Google
22:53:16.766 [main] INFO  - Search Text ::: Python
22:53:16.860 [main] INFO  - >>>>>>After Scenario<<<<<<
22:53:16.860 [main] INFO  - >>>>>>Testcase ::: 3
22:53:16.860 [main] INFO  - >>>>>>Before Scenario<<<<<<
22:53:17.653 [main] INFO  - Driver Initiation
22:53:19.771 [main] INFO  - Loading google.com
22:53:19.780 [main] INFO  - Title ::: Google
22:53:22.545 [main] INFO  - Search Text ::: Java
22:53:22.652 [main] INFO  - >>>>>>After Scenario<<<<<<
22:53:22.652 [main] INFO  - >>>>>>Testcase ::: 4
22:53:22.652 [main] INFO  - >>>>>>Before Scenario<<<<<<
22:53:23.458 [main] INFO  - Driver Initiation
22:53:25.599 [main] INFO  - Loading bing.com
22:53:25.610 [main] INFO  - Title ::: Bing
22:53:27.628 [main] INFO  - Search Text ::: Selenium
22:53:27.744 [main] INFO  - >>>>>>After Scenario<<<<<<
22:53:27.744 [main] INFO  - >>>>>>Testcase ::: 5
22:53:27.744 [main] INFO  - >>>>>>Before Scenario<<<<<<
22:53:28.543 [main] INFO  - Driver Initiation
22:53:30.373 [main] INFO  - Loading bing.com
22:53:30.432 [main] INFO  - Title ::: Bing
22:53:31.988 [main] INFO  - Search Text ::: Python
22:53:32.094 [main] INFO  - >>>>>>After Scenario<<<<<<
22:53:32.094 [main] INFO  - >>>>>>Testcase ::: 6
22:53:32.094 [main] INFO  - >>>>>>Before Scenario<<<<<<
22:53:32.875 [main] INFO  - Driver Initiation
22:53:34.716 [main] INFO  - Loading bing.com
22:53:34.780 [main] INFO  - Title ::: Bing
22:53:36.067 [main] INFO  - Search Text ::: Java
22:53:36.186 [main] INFO  - >>>>>>After Scenario<<<<<<
22:58:26.944 [pool-2-thread-1] INFO  - 

>>>>>>Logging on 2021/04/16 22:58:26<<<<<<

22:58:26.947 [pool-2-thread-1] INFO  - >>>>>>Testcase ::: 1
22:58:26.947 [pool-2-thread-1] INFO  - >>>>>>Before Scenario<<<<<<
22:58:28.068 [pool-2-thread-1] INFO  - Driver Initiation
22:58:30.696 [pool-2-thread-1] INFO  - Loading google.com
22:58:30.704 [pool-2-thread-1] INFO  - Title ::: Google
22:58:33.206 [pool-2-thread-1] INFO  - Search Text ::: Selenium
22:58:33.335 [pool-2-thread-1] INFO  - >>>>>>After Scenario<<<<<<
22:58:33.340 [pool-2-thread-1] INFO  - >>>>>>Testcase ::: 2
22:58:33.340 [pool-2-thread-1] INFO  - >>>>>>Before Scenario<<<<<<
22:58:34.145 [pool-2-thread-1] INFO  - Driver Initiation
22:58:36.523 [pool-2-thread-1] INFO  - Loading google.com
22:58:36.532 [pool-2-thread-1] INFO  - Title ::: Google
22:58:39.405 [pool-2-thread-1] INFO  - Search Text ::: Python
22:58:39.510 [pool-2-thread-1] INFO  - >>>>>>After Scenario<<<<<<
22:58:39.513 [pool-2-thread-1] INFO  - >>>>>>Testcase ::: 3
22:58:39.513 [pool-2-thread-1] INFO  - >>>>>>Before Scenario<<<<<<
22:58:40.297 [pool-2-thread-1] INFO  - Driver Initiation
22:58:42.685 [pool-2-thread-1] INFO  - Loading google.com
22:58:42.694 [pool-2-thread-1] INFO  - Title ::: Google
22:58:45.227 [pool-2-thread-1] INFO  - Search Text ::: Java
22:58:45.344 [pool-2-thread-1] INFO  - >>>>>>After Scenario<<<<<<
22:58:45.347 [pool-2-thread-1] INFO  - >>>>>>Testcase ::: 4
22:58:45.347 [pool-2-thread-1] INFO  - >>>>>>Before Scenario<<<<<<
22:58:46.171 [pool-2-thread-1] INFO  - Driver Initiation
22:58:48.074 [pool-2-thread-1] INFO  - Loading bing.com
22:58:48.082 [pool-2-thread-1] INFO  - Title ::: Bing
22:58:50.381 [pool-2-thread-1] INFO  - Search Text ::: Selenium
22:58:50.495 [pool-2-thread-1] INFO  - >>>>>>After Scenario<<<<<<
22:58:50.497 [pool-2-thread-1] INFO  - >>>>>>Testcase ::: 5
22:58:50.497 [pool-2-thread-1] INFO  - >>>>>>Before Scenario<<<<<<
22:58:51.194 [pool-2-thread-1] INFO  - Driver Initiation
22:58:53.174 [pool-2-thread-1] INFO  - Loading bing.com
22:58:53.238 [pool-2-thread-1] INFO  - Title ::: Bing
22:58:54.537 [pool-2-thread-1] INFO  - Search Text ::: Python
22:58:54.650 [pool-2-thread-1] INFO  - >>>>>>After Scenario<<<<<<
22:58:54.652 [pool-2-thread-1] INFO  - >>>>>>Testcase ::: 6
22:58:54.652 [pool-2-thread-1] INFO  - >>>>>>Before Scenario<<<<<<
22:58:55.380 [pool-2-thread-1] INFO  - Driver Initiation
22:58:56.902 [pool-2-thread-1] INFO  - Loading bing.com
22:58:56.912 [pool-2-thread-1] INFO  - Title ::: Bing
22:58:59.101 [pool-2-thread-1] INFO  - Search Text ::: Java
22:58:59.215 [pool-2-thread-1] INFO  - >>>>>>After Scenario<<<<<<
23:05:08.857 [main] INFO  - 

>>>>>>Logging on 2021/04/16 23:05:08<<<<<<

23:05:08.859 [main] INFO  - >>>>>>Testcase ::: 1
23:05:08.860 [main] INFO  - >>>>>>Before Scenario<<<<<<
23:05:10.021 [main] INFO  - Driver Initiation
23:05:14.254 [main] INFO  - Loading google.com
23:05:14.264 [main] INFO  - Title ::: Google
23:05:20.704 [main] INFO  - Search Text ::: Selenium
23:05:20.819 [main] INFO  - >>>>>>After Scenario<<<<<<
23:05:20.824 [main] INFO  - >>>>>>Testcase ::: 2
23:05:20.824 [main] INFO  - >>>>>>Before Scenario<<<<<<
23:05:21.627 [main] INFO  - Driver Initiation
23:05:27.657 [main] INFO  - Loading google.com
23:05:27.667 [main] INFO  - Title ::: Google
23:05:36.862 [main] INFO  - Search Text ::: Python
23:05:36.984 [main] INFO  - >>>>>>After Scenario<<<<<<
23:05:36.984 [main] INFO  - >>>>>>Testcase ::: 3
23:05:36.984 [main] INFO  - >>>>>>Before Scenario<<<<<<
23:05:37.788 [main] INFO  - Driver Initiation
23:05:40.879 [main] INFO  - Loading google.com
23:05:40.887 [main] INFO  - Title ::: Google
23:05:46.536 [main] INFO  - Search Text ::: Java
23:05:46.645 [main] INFO  - >>>>>>After Scenario<<<<<<
23:05:46.645 [main] INFO  - >>>>>>Testcase ::: 4
23:05:46.645 [main] INFO  - >>>>>>Before Scenario<<<<<<
23:05:47.460 [main] INFO  - Driver Initiation
23:05:49.972 [main] INFO  - Loading bing.com
23:05:49.981 [main] INFO  - Title ::: Bing
23:05:55.143 [main] INFO  - Search Text ::: Selenium
23:05:55.266 [main] INFO  - >>>>>>After Scenario<<<<<<
23:05:55.266 [main] INFO  - >>>>>>Testcase ::: 5
23:05:55.266 [main] INFO  - >>>>>>Before Scenario<<<<<<
23:05:56.067 [main] INFO  - Driver Initiation
23:05:59.872 [main] INFO  - Loading bing.com
23:05:59.881 [main] INFO  - Title ::: Bing
23:06:03.999 [main] INFO  - Search Text ::: Python
23:06:04.106 [main] INFO  - >>>>>>After Scenario<<<<<<
23:06:04.108 [main] INFO  - >>>>>>Testcase ::: 6
23:06:04.108 [main] INFO  - >>>>>>Before Scenario<<<<<<
23:06:04.881 [main] INFO  - Driver Initiation
23:06:08.661 [main] INFO  - Loading bing.com
23:06:08.669 [main] INFO  - Title ::: Bing
23:06:10.736 [main] INFO  - Search Text ::: Java
23:06:10.843 [main] INFO  - >>>>>>After Scenario<<<<<<
23:07:37.982 [main] INFO  - 

>>>>>>Logging on 2021/04/16 23:07:37<<<<<<

23:07:37.984 [main] INFO  - >>>>>>Testcase ::: 1
23:07:37.985 [main] INFO  - >>>>>>Before Scenario<<<<<<
23:07:39.057 [main] INFO  - Driver Initiation
23:07:41.982 [main] INFO  - Loading google.com
23:07:41.990 [main] INFO  - Title ::: Google
23:07:45.348 [main] INFO  - Search Text ::: Selenium
23:07:45.458 [main] INFO  - >>>>>>After Scenario<<<<<<
23:07:45.458 [main] INFO  - >>>>>>Testcase ::: 2
23:07:45.458 [main] INFO  - >>>>>>Before Scenario<<<<<<
23:07:46.240 [main] INFO  - Driver Initiation
23:07:48.754 [main] INFO  - Loading google.com
23:07:48.762 [main] INFO  - Title ::: Google
23:07:52.677 [main] INFO  - Search Text ::: Python
23:07:52.791 [main] INFO  - >>>>>>After Scenario<<<<<<
23:07:52.809 [main] INFO  - >>>>>>Testcase ::: 3
23:07:52.809 [main] INFO  - >>>>>>Before Scenario<<<<<<
23:07:53.587 [main] INFO  - Driver Initiation
23:07:56.151 [main] INFO  - Loading google.com
23:07:56.160 [main] INFO  - Title ::: Google
23:07:59.121 [main] INFO  - Search Text ::: Java
23:07:59.396 [main] INFO  - >>>>>>After Scenario<<<<<<
23:07:59.399 [main] INFO  - >>>>>>Testcase ::: 4
23:07:59.400 [main] INFO  - >>>>>>Before Scenario<<<<<<
23:08:00.200 [main] INFO  - Driver Initiation
23:08:04.176 [main] INFO  - Loading bing.com
23:08:04.184 [main] INFO  - Title ::: Bing
23:08:06.149 [main] INFO  - Search Text ::: Selenium
23:08:06.266 [main] INFO  - >>>>>>After Scenario<<<<<<
23:08:06.269 [main] INFO  - >>>>>>Testcase ::: 5
23:08:06.269 [main] INFO  - >>>>>>Before Scenario<<<<<<
23:08:07.037 [main] INFO  - Driver Initiation
23:08:08.826 [main] INFO  - Loading bing.com
23:08:08.834 [main] INFO  - Title ::: Bing
23:08:10.780 [main] INFO  - Search Text ::: Python
23:08:10.894 [main] INFO  - >>>>>>After Scenario<<<<<<
23:08:10.894 [main] INFO  - >>>>>>Testcase ::: 6
23:08:10.894 [main] INFO  - >>>>>>Before Scenario<<<<<<
23:08:11.684 [main] INFO  - Driver Initiation
23:08:13.603 [main] INFO  - Loading bing.com
23:08:13.612 [main] INFO  - Title ::: Bing
23:08:14.975 [main] INFO  - Search Text ::: Java
23:08:15.084 [main] INFO  - >>>>>>After Scenario<<<<<<
23:12:49.383 [main] INFO  - 

>>>>>>Logging on 2021/04/16 23:12:49<<<<<<

23:12:49.385 [main] INFO  - >>>>>>Testcase ::: 1
23:12:49.386 [main] INFO  - >>>>>>Before Scenario<<<<<<
23:12:50.470 [main] INFO  - Driver Initiation
23:12:53.184 [main] INFO  - Loading google.com
23:12:53.194 [main] INFO  - Title ::: Google
23:12:56.635 [main] INFO  - Search Text ::: Selenium
23:12:56.742 [main] INFO  - >>>>>>After Scenario<<<<<<
23:12:56.748 [main] INFO  - >>>>>>Testcase ::: 2
23:12:56.748 [main] INFO  - >>>>>>Before Scenario<<<<<<
23:12:57.481 [main] INFO  - Driver Initiation
23:12:59.760 [main] INFO  - Loading google.com
23:12:59.769 [main] INFO  - Title ::: Google
23:13:02.810 [main] INFO  - Search Text ::: Python
23:13:02.917 [main] INFO  - >>>>>>After Scenario<<<<<<
23:13:02.920 [main] INFO  - >>>>>>Testcase ::: 3
23:13:02.920 [main] INFO  - >>>>>>Before Scenario<<<<<<
23:13:03.637 [main] INFO  - Driver Initiation
23:13:07.928 [main] INFO  - Loading google.com
23:13:07.935 [main] INFO  - Title ::: Google
23:13:10.835 [main] INFO  - Search Text ::: Java
23:13:10.933 [main] INFO  - >>>>>>After Scenario<<<<<<
23:13:10.933 [main] INFO  - >>>>>>Testcase ::: 4
23:13:10.933 [main] INFO  - >>>>>>Before Scenario<<<<<<
23:13:11.784 [main] INFO  - Driver Initiation
23:13:13.437 [main] INFO  - Loading bing.com
23:13:13.447 [main] INFO  - Title ::: Bing
23:13:16.256 [main] INFO  - Search Text ::: Selenium
23:13:16.371 [main] INFO  - >>>>>>After Scenario<<<<<<
23:13:16.374 [main] INFO  - >>>>>>Testcase ::: 5
23:13:16.374 [main] INFO  - >>>>>>Before Scenario<<<<<<
23:13:17.133 [main] INFO  - Driver Initiation
23:13:18.529 [main] INFO  - Loading bing.com
23:13:18.541 [main] INFO  - Title ::: Bing
23:13:19.766 [main] INFO  - Search Text ::: Python
23:13:19.855 [main] INFO  - >>>>>>After Scenario<<<<<<
23:13:19.859 [main] INFO  - >>>>>>Testcase ::: 6
23:13:19.859 [main] INFO  - >>>>>>Before Scenario<<<<<<
23:13:20.630 [main] INFO  - Driver Initiation
23:13:22.548 [main] INFO  - Loading bing.com
23:13:22.558 [main] INFO  - Title ::: Bing
23:13:24.252 [main] INFO  - Search Text ::: Java
23:13:24.349 [main] INFO  - >>>>>>After Scenario<<<<<<
